<?xml version="1.0" encoding="UTF-8"?>
<!-- Generated by org.testng.reporters.JUnitReportReporter -->
<testsuite hostname="DESKTOP-CRKT6F5" failures="0" tests="6" name="MakeMyTrip.makemytrip_flightbooking.TestngRunner" time="32.533" errors="0" timestamp="27 Apr 2023 16:52:09 GMT" skipped="0">
  <testcase classname="MakeMyTrip.makemytrip_flightbooking.TestngRunner" name="fromTo" time="3.240"/>
  <testcase classname="MakeMyTrip.makemytrip_flightbooking.TestngRunner" name="departureReturn" time="0.341"/>
  <testcase classname="MakeMyTrip.makemytrip_flightbooking.TestngRunner" name="traveller" time="3.548"/>
  <testcase classname="MakeMyTrip.makemytrip_flightbooking.TestngRunner" name="search" time="7.666"/>
  <testcase classname="MakeMyTrip.makemytrip_flightbooking.TestngRunner" name="selectFlightWithMinPrice" time="5.706"/>
  <testcase classname="MakeMyTrip.makemytrip_flightbooking.TestngRunner" name="travellingDetails" time="12.032"/>
</testsuite> <!-- MakeMyTrip.makemytrip_flightbooking.TestngRunner -->
